<?xml version="1.0" encoding="UTF-8"?>
<!-- Generated by org.testng.reporters.JUnitXMLReporter -->
<testsuite ignored="2" hostname="DESKTOP-0MGR9KI" failures="0" tests="5" name="Default test" time="27.894" errors="0" timestamp="2022-06-14T18:39:17 ICT">
  <testcase classname="com.nexsoft.testng.dashboard.CRUDBuilderTest" name="login" time="3.062"/>
  <testcase classname="com.nexsoft.testng.dashboard.CRUDBuilderTest" name="createData" time="4.922"/>
  <testcase classname="com.nexsoft.testng.dashboard.CRUDBuilderTest" name="cobaDulu" time="5.706"/>
  <testcase classname="com.nexsoft.testng.dashboard.CRUDBuilderTest" name="cobaDulu" time="6.26"/>
  <testcase classname="com.nexsoft.testng.dashboard.CRUDBuilderTest" name="cobaDulu" time="4.009"/>
  <testcase classname="com.nexsoft.testng.dashboard.CRUDBuilderTest" name="getUsername2" time="0.0">
    <ignored/>
  </testcase> <!-- getUsername2 -->
  <testcase classname="com.nexsoft.testng.dashboard.CRUDBuilderTest" name="getUsername" time="0.0">
    <ignored/>
  </testcase> <!-- getUsername -->
</testsuite> <!-- Default test -->
