<?xml version="1.0" encoding="UTF-8"?>
<!-- Generated by org.testng.reporters.JUnitXMLReporter -->
<testsuite ignored="2" hostname="DESKTOP-0MGR9KI" failures="0" tests="5" name="Backend Test" time="14.031" errors="0" timestamp="2022-06-14T15:31:45 ICT">
  <testcase classname="com.nexsoft.testng.dashboard.CRUDBuilderTest" name="login" time="4.217"/>
  <testcase classname="com.nexsoft.testng.dashboard.CRUDBuilderTest" name="createData" time="6.447"/>
  <testcase classname="com.nexsoft.testng.dashboard.CRUDBuilderTest" name="cobaDulu" time="1.015"/>
  <testcase classname="com.nexsoft.testng.dashboard.CRUDBuilderTest" name="cobaDulu" time="1.014"/>
  <testcase classname="com.nexsoft.testng.dashboard.CRUDBuilderTest" name="cobaDulu" time="1.018"/>
  <testcase classname="com.nexsoft.testng.dashboard.CRUDBuilderTest" name="getUsername2" time="0.0">
    <ignored/>
  </testcase> <!-- getUsername2 -->
  <testcase classname="com.nexsoft.testng.dashboard.CRUDBuilderTest" name="getUsername" time="0.0">
    <ignored/>
  </testcase> <!-- getUsername -->
</testsuite> <!-- Backend Test -->
