<?xml version="1.0" encoding="UTF-8"?>
<!-- Generated by org.testng.reporters.JUnitXMLReporter -->
<testsuite ignored="0" hostname="DESKTOP-0MGR9KI" failures="0" tests="4" name="FrontEnd Test" time="6.987" errors="0" timestamp="2022-06-14T15:31:31 ICT">
  <testcase classname="com.nexsoft.testng.frontpage.FrontpageTest" name="consumeData" time="0.011"/>
  <testcase classname="com.nexsoft.testng.frontpage.FrontpageTest" name="consumeData" time="0.001"/>
  <testcase classname="com.nexsoft.testng.frontpage.FrontpageTest" name="login" time="2.56"/>
  <testcase classname="com.nexsoft.testng.frontpage.FrontpageTest" name="setLanguage" time="0.002"/>
</testsuite> <!-- FrontEnd Test -->
